<?xml version="1.0" encoding="UTF-8"?>
<!-- Generated by org.testng.reporters.JUnitXMLReporter -->
<testsuite ignored="0" hostname="LAPTOP-I65KC2GQ" failures="0" tests="4" name="Test" time="28.208" errors="0" timestamp="2021-11-13T19:50:16 IST">
  <testcase classname="Acadamy.Homepage" name="basepagenavigation" time="4.562"/>
  <testcase classname="Acadamy.Homepage" name="basepagenavigation" time="2.246"/>
  <testcase classname="Acadamy.validatetitle" name="basepagenavigation" time="0.089"/>
  <testcase classname="Acadamy.validatetitlenavigationbar" name="basepagenavigation" time="0.105"/>
</testsuite> <!-- Test -->
