<?xml version="1.0" encoding="UTF-8"?>
<!-- Generated by org.testng.reporters.JUnitXMLReporter -->
<testsuite hostname="LAPTOP-I65KC2GQ" ignored="0" name="Test" tests="4" failures="0" timestamp="2021-11-13T21:39:37 IST" time="25.671" errors="0">
  <testcase name="basepagenavigation" time="3.59" classname="Acadamy.Homepage"/>
  <testcase name="basepagenavigation" time="2.578" classname="Acadamy.Homepage"/>
  <testcase name="basepagenavigation" time="0.093" classname="Acadamy.validatetitle"/>
  <testcase name="basepagenavigation" time="0.151" classname="Acadamy.validatetitlenavigationbar"/>
</testsuite> <!-- Test -->
