<?xml version="1.0" encoding="UTF-8"?>
<testsuite xmlns:xsi="http://www.w3.org/2001/XMLSchema-instance" xsi:noNamespaceSchemaLocation="https://maven.apache.org/surefire/maven-surefire-plugin/xsd/surefire-test-report-3.0.xsd" version="3.0" name="TestSuite" time="18.592" tests="4" errors="0" skipped="0" failures="0">
  <properties>
[...]
</properties>
  <testcase name="basepagenavigation" classname="Acadamy.validatetitle" time="0.001">
    <system-err><![CDATA[SLF4J: Failed to load class "org.slf4j.impl.StaticLoggerBinder".
SLF4J: Defaulting to no-operation (NOP) logger implementation
SLF4J: See http://www.slf4j.org/codes.html#StaticLoggerBinder for further details.
SSSttatarartrtitiningng C ghCr ohCmrehDorrmioevDmereirDv er9ir5 v.9e05r.. 4096.45368.3.801..1774  6((3aa989dd.0017711799 4(44a444d94ddb400b37051e32958e44e24d8144fedcde417f3bcbfe0673c3cb5df7e68c92cd8df7248-e9rdde1fffs2c/-rbeer7fas3n/bcbhrf-6haecncachdd-7s/h8e49ad6dsf3/2846@-3{r8#e@1f{s7#/18b7}r8a)n} ch)o- hneo andp sop/or46rt38t @ {55#61539723832})

O noOlnny  lplyo ocrlatlo  cc6o4an3nle7c 6tcio
onOnsnn aleryce  taliloloconaws lead r.ceo 
nPanlleelcoatwsieeo dns.se ea
 rPhe tlatelpalsso:ew/ e/sdce.her
o Pmlehdertaitsveper s.sc:he/reo/ mcihuhtmrt.oposm:re/g//dcsrheircvuoermrie.tdcyrh-ircvooenmrsi.iucdmeh.rroaortgmioinu/sms .efocorur grsi/ugtsgyeesc-tcuioronnis stoniy -dkeeceorpnainstgii dCohenrrsoam eftDoiriorvn erss u safgfgoe.er
s stiugongses toino nkse eopni nkge epChinrgo mCeDhrroivmeeDrr isvaerf safee..

CChhrroommeeDDCrrhiirvvoeemrre  Dwrawiasvs e rss ttwaaarrstt eesdt da rsstuuecdcc ecsesucsscsfesfusluflluyll.yly..


Nov 15, 2021 6:59:34 PM org.openqa.selenium.remote.ProtocolHandshake createSession
INFO: Detected dialect: W3C
Nov 15, 2021 6:59:34 PM org.openqa.selenium.remote.ProtocolHandshake createSession
INFO: Detected dialect: W3C
Nov 15, 2021 6:59:34 PM org.openqa.selenium.remote.ProtocolHandshake createSession
INFO: Detected dialect: W3C
Nov 15, 2021 6:59:34 PM org.openqa.selenium.devtools.CdpVersionFinder findNearestMatch
INFO: Found exact CDP implementation for version 95
Nov 15, 2021 6:59:34 PM org.openqa.selenium.devtools.CdpVersionFinder findNearestMatch
INFO: Found exact CDP implementation for version 95
Nov 15, 2021 6:59:34 PM org.openqa.selenium.devtools.CdpVersionFinder findNearestMatch
INFO: Found exact CDP implementation for version 95
]]></system-err>
  </testcase>
  <testcase name="basepagenavigation" classname="Acadamy.validatetitlenavigationbar" time="0.102"/>
  <testcase name="basepagenavigation[nonresticted, [Ljava.lang.CharSequence;@7e468292](1)" classname="Acadamy.Homepage" time="0.758"/>
  <testcase name="basepagenavigation[restricted, [Ljava.lang.CharSequence;@24271f7a](2)" classname="Acadamy.Homepage" time="1.978"/>
</testsuite>